<?xml version="1.0" encoding="UTF-8"?>
<!-- Generated by org.testng.reporters.JUnitXMLReporter -->
<testsuite ignored="0" hostname="DESKTOP-V4IS0Q1" failures="0" tests="2" name="NegativeLoginTests" time="24.931" errors="0" timestamp="2022-06-11T01:03:00 CST">
  <testcase classname="com.herokuapp.theinternet.NegativeLoginTests" name="incorrectUsernameTest" time="15.541"/>
  <testcase classname="com.herokuapp.theinternet.NegativeLoginTests" name="incorrectPasswordTest" time="9.32"/>
</testsuite> <!-- NegativeLoginTests -->
