<?xml version="1.0" encoding="UTF-8"?>
<!-- Generated by org.testng.reporters.JUnitXMLReporter -->
<testsuite ignored="0" hostname="DESKTOP-V4IS0Q1" failures="0" tests="2" name="CheckboxesTest" time="13.354" errors="0" timestamp="2022-07-19T14:19:36 CST">
  <testcase classname="com.herokuapp.theinternet.CheckboxTests" name="selectAllCheckboxesTest" time="5.288"/>
  <testcase classname="com.herokuapp.theinternet.CheckboxTests" name="selectOneCheckboxTest" time="5.484"/>
</testsuite> <!-- CheckboxesTest -->
