<?xml version="1.0" encoding="UTF-8"?>
<!-- Generated by org.testng.reporters.JUnitXMLReporter -->
<testsuite ignored="0" hostname="DESKTOP-V4IS0Q1" failures="0" tests="3" name="FileUploadTests" time="30.785" errors="0" timestamp="2022-07-19T14:21:55 CST">
  <testcase classname="com.herokuapp.theinternet.FileUploadTests" name="imageUploadTest" time="8.426"/>
  <testcase classname="com.herokuapp.theinternet.FileUploadTests" name="uploadWithDataProviderTest" time="8.786"/>
  <testcase classname="com.herokuapp.theinternet.FileUploadTests" name="uploadWithDataProviderTest" time="9.243"/>
</testsuite> <!-- FileUploadTests -->
