<?xml version="1.0" encoding="UTF-8"?>
<!-- Generated by org.testng.reporters.JUnitXMLReporter -->
<testsuite ignored="0" hostname="DESKTOP-V4IS0Q1" failures="0" tests="2" name="KeyPressesTests" time="15.798" errors="0" timestamp="2022-07-19T14:20:27 CST">
  <testcase classname="com.herokuapp.theinternet.KeyPressesTests" name="pressKeyTest" time="5.763"/>
  <testcase classname="com.herokuapp.theinternet.KeyPressesTests" name="pressKeyWithActionsTest" time="7.262"/>
</testsuite> <!-- KeyPressesTests -->
