<?xml version="1.0" encoding="UTF-8"?>
<!-- Generated by org.testng.reporters.JUnitXMLReporter -->
<testsuite ignored="1" hostname="DESKTOP-V4IS0Q1" failures="0" tests="1" name="PositiveLoginTest" time="3.677" errors="0" timestamp="2022-06-17T23:04:25 CST">
  <testcase classname="com.herokuapp.theinternet.base.BaseTest" name="@BeforeTest setUp" time="3.219">
    <failure type="java.lang.NullPointerException" message="Cannot invoke &amp;quot;java.lang.reflect.Method.getName()&amp;quot; because &amp;quot;method&amp;quot; is null">
      <![CDATA[java.lang.NullPointerException: Cannot invoke "java.lang.reflect.Method.getName()" because "method" is null
at com.herokuapp.theinternet.base.BaseTest.setUp(BaseTest.java:36)
... Removed 24 stack frames]]>
    </failure>
  </testcase> <!-- @BeforeTest setUp -->
  <testcase classname="com.herokuapp.theinternet.LoginTests" name="positiveLoginTest" time="0.0">
    <skipped/>
  </testcase> <!-- positiveLoginTest -->
  <testcase classname="com.herokuapp.theinternet.LoginTests" name="negativeLoginTest" time="0.0">
    <ignored/>
  </testcase> <!-- negativeLoginTest -->
</testsuite> <!-- PositiveLoginTest -->
