<?xml version="1.0" encoding="UTF-8"?>
<!-- Generated by org.testng.reporters.JUnitXMLReporter -->
<testsuite ignored="0" hostname="DESKTOP-V4IS0Q1" failures="0" tests="3" name="AlertsTest" time="28.19" errors="0" timestamp="2022-06-22T14:25:23 CST">
  <testcase classname="com.herokuapp.theinternet.AlertsTests" name="jsAlertTests" time="7.203"/>
  <testcase classname="com.herokuapp.theinternet.AlertsTests" name="jsDismissTest" time="7.075"/>
  <testcase classname="com.herokuapp.theinternet.AlertsTests" name="jsPromptTest" time="9.174"/>
</testsuite> <!-- AlertsTest -->
