<?xml version="1.0" encoding="UTF-8"?>
<!-- Generated by org.testng.reporters.JUnitXMLReporter -->
<testsuite ignored="0" hostname="DESKTOP-V4IS0Q1" failures="0" tests="3" name="FileUploadTests" time="27.992" errors="0" timestamp="2022-06-22T14:25:51 CST">
  <testcase classname="com.herokuapp.theinternet.FileUploadTests" name="imageUploadTest" time="7.757"/>
  <testcase classname="com.herokuapp.theinternet.FileUploadTests" name="uploadWithDataProviderTest" time="7.373"/>
  <testcase classname="com.herokuapp.theinternet.FileUploadTests" name="uploadWithDataProviderTest" time="9.207"/>
</testsuite> <!-- FileUploadTests -->
