<?xml version="1.0" encoding="UTF-8"?>
<!-- Generated by org.testng.reporters.JUnitXMLReporter -->
<testsuite ignored="1" hostname="DESKTOP-V4IS0Q1" failures="0" tests="1" name="PositiveLogin" time="16.999" errors="0" timestamp="2022-06-22T14:24:55 CST">
  <testcase classname="com.herokuapp.theinternet.LoginTests" name="positiveLoginTest" time="11.781"/>
  <testcase classname="com.herokuapp.theinternet.LoginTests" name="negativeLoginTest" time="0.0">
    <ignored/>
  </testcase> <!-- negativeLoginTest -->
</testsuite> <!-- PositiveLogin -->
