<?xml version="1.0" encoding="UTF-8"?>
<!-- Generated by org.testng.reporters.JUnitXMLReporter -->
<testsuite ignored="0" hostname="DESKTOP-V4IS0Q1" failures="0" tests="6" name="NegativeLoginTests" time="65.34" errors="0" timestamp="2022-06-21T23:25:40 CST">
  <testcase classname="com.herokuapp.theinternet.NegativeLoginUsingCSVTests" name="negativeLoginTest" time="13.568"/>
  <testcase classname="com.herokuapp.theinternet.NegativeLoginUsingCSVTests" name="negativeLoginTest" time="8.159"/>
  <testcase classname="com.herokuapp.theinternet.NegativeLoginUsingCSVTests" name="negativeLoginTest" time="7.915"/>
  <testcase classname="com.herokuapp.theinternet.NegativeLoginUsingCSVTests" name="negativeLoginTest" time="8.356"/>
  <testcase classname="com.herokuapp.theinternet.NegativeLoginUsingCSVTests" name="negativeLoginTest" time="7.155"/>
  <testcase classname="com.herokuapp.theinternet.NegativeLoginUsingCSVTests" name="negativeLoginTest" time="8.329"/>
</testsuite> <!-- NegativeLoginTests -->
