<?xml version="1.0" encoding="UTF-8"?>
<!-- Generated by org.testng.reporters.JUnitXMLReporter -->
<testsuite ignored="1" hostname="DESKTOP-V4IS0Q1" failures="0" tests="1" name="CheckboxesTest-Android" time="10.691" errors="0" timestamp="2022-06-23T02:16:20 CST">
  <testcase classname="com.herokuapp.theinternet.CheckboxTests" name="selectAllCheckboxesTest" time="5.484"/>
  <testcase classname="com.herokuapp.theinternet.CheckboxTests" name="selectOneCheckboxTest" time="0.0">
    <ignored/>
  </testcase> <!-- selectOneCheckboxTest -->
</testsuite> <!-- CheckboxesTest-Android -->
