<?xml version="1.0" encoding="UTF-8"?>
<!-- Generated by org.testng.reporters.JUnitXMLReporter -->
<testsuite ignored="1" hostname="DESKTOP-V4IS0Q1" failures="0" tests="1" name="CheckboxesTest-iOS" time="7.781" errors="0" timestamp="2022-06-23T02:16:28 CST">
  <testcase classname="com.herokuapp.theinternet.CheckboxTests" name="selectOneCheckboxTest" time="5.142"/>
  <testcase classname="com.herokuapp.theinternet.CheckboxTests" name="selectAllCheckboxesTest" time="0.0">
    <ignored/>
  </testcase> <!-- selectAllCheckboxesTest -->
</testsuite> <!-- CheckboxesTest-iOS -->
