<?xml version="1.0" encoding="UTF-8"?>
<!-- Generated by org.testng.reporters.JUnitXMLReporter -->
<testsuite ignored="0" hostname="DESKTOP-V4IS0Q1" failures="0" tests="2" name="NegativeLoginTests" time="25.697" errors="0" timestamp="2022-06-14T22:30:10 CST">
  <testcase classname="com.herokuapp.theinternet.NegativeLoginTests" name="incorrectUsernameTest" time="16.355"/>
  <testcase classname="com.herokuapp.theinternet.NegativeLoginTests" name="incorrectPasswordTest" time="9.326"/>
</testsuite> <!-- NegativeLoginTests -->
