<?xml version="1.0" encoding="UTF-8"?>
<testng-results ignored="1" total="11" passed="10" failed="0" skipped="0">
  <reporter-output>
  </reporter-output>
  <suite started-at="2022-08-10T22:55:44 CST" name="SmokeTestSuite" finished-at="2022-08-10T22:57:33 CST" duration-ms="108731">
    <groups>
    </groups>
    <test started-at="2022-08-10T22:55:44 CST" name="PositiveLogin" finished-at="2022-08-10T22:56:11 CST" duration-ms="26528">
      <class name="com.herokuapp.theinternet.LoginTests">
        <test-method is-config="true" signature="setUp(java.lang.reflect.Method,java.lang.String,java.lang.String,org.testng.ITestContext)[pri:0, instance:com.herokuapp.theinternet.LoginTests@6bf0219d]" started-at="2022-08-10T22:55:45 CST" name="setUp" finished-at="2022-08-10T22:56:01 CST" duration-ms="15536" status="PASS">
          <params>
            <param index="0">
              <value>
                <![CDATA[public void com.herokuapp.theinternet.LoginTests.positiveLoginTest(java.lang.String,java.lang.String,java.lang.String,java.lang.String)]]>
              </value>
            </param>
            <param index="1">
              <value>
                <![CDATA[Chrome]]>
              </value>
            </param>
            <param index="2">
              <value is-null="true"/>
            </param>
            <param index="3">
              <value>
                <![CDATA[org.testng.TestRunner@7462ba4b]]>
              </value>
            </param>
          </params>
          <reporter-output>
          </reporter-output>
        </test-method> <!-- setUp -->
        <test-method signature="positiveLoginTest(java.lang.String,java.lang.String,java.lang.String,java.lang.String)[pri:1, instance:com.herokuapp.theinternet.LoginTests@6bf0219d]" started-at="2022-08-10T22:56:01 CST" name="positiveLoginTest" finished-at="2022-08-10T22:56:10 CST" duration-ms="9261" status="PASS">
          <params>
            <param index="0">
              <value>
                <![CDATA[tomsmith]]>
              </value>
            </param>
            <param index="1">
              <value>
                <![CDATA[SuperSecretPassword!]]>
              </value>
            </param>
            <param index="2">
              <value>
                <![CDATA[https://the-internet.herokuapp.com/secure]]>
              </value>
            </param>
            <param index="3">
              <value>
                <![CDATA[You logged into a secure area!]]>
              </value>
            </param>
          </params>
          <reporter-output>
          </reporter-output>
        </test-method> <!-- positiveLoginTest -->
        <test-method is-config="true" signature="closeBrowser()[pri:0, instance:com.herokuapp.theinternet.LoginTests@6bf0219d]" started-at="2022-08-10T22:56:10 CST" name="closeBrowser" finished-at="2022-08-10T22:56:11 CST" duration-ms="503" status="PASS">
          <reporter-output>
          </reporter-output>
        </test-method> <!-- closeBrowser -->
      </class> <!-- com.herokuapp.theinternet.LoginTests -->
    </test> <!-- PositiveLogin -->
    <test started-at="2022-08-10T22:56:11 CST" name="FileUploadTests" finished-at="2022-08-10T22:56:54 CST" duration-ms="43678">
      <class name="com.herokuapp.theinternet.FileUploadTests">
        <test-method is-config="true" signature="setUp(java.lang.reflect.Method,java.lang.String,java.lang.String,org.testng.ITestContext)[pri:0, instance:com.herokuapp.theinternet.FileUploadTests@66498326]" started-at="2022-08-10T22:56:11 CST" name="setUp" finished-at="2022-08-10T22:56:12 CST" duration-ms="1397" status="PASS">
          <params>
            <param index="0">
              <value>
                <![CDATA[public void com.herokuapp.theinternet.FileUploadTests.imageUploadTest()]]>
              </value>
            </param>
            <param index="1">
              <value>
                <![CDATA[Chrome]]>
              </value>
            </param>
            <param index="2">
              <value is-null="true"/>
            </param>
            <param index="3">
              <value>
                <![CDATA[org.testng.TestRunner@4b09d1c3]]>
              </value>
            </param>
          </params>
          <reporter-output>
          </reporter-output>
        </test-method> <!-- setUp -->
        <test-method signature="imageUploadTest()[pri:1, instance:com.herokuapp.theinternet.FileUploadTests@66498326]" started-at="2022-08-10T22:56:12 CST" name="imageUploadTest" finished-at="2022-08-10T22:56:24 CST" duration-ms="11658" status="PASS">
          <reporter-output>
          </reporter-output>
        </test-method> <!-- imageUploadTest -->
        <test-method is-config="true" signature="closeBrowser()[pri:0, instance:com.herokuapp.theinternet.FileUploadTests@66498326]" started-at="2022-08-10T22:56:24 CST" name="closeBrowser" finished-at="2022-08-10T22:56:24 CST" duration-ms="453" status="PASS">
          <reporter-output>
          </reporter-output>
        </test-method> <!-- closeBrowser -->
        <test-method is-config="true" signature="setUp(java.lang.reflect.Method,java.lang.String,java.lang.String,org.testng.ITestContext)[pri:0, instance:com.herokuapp.theinternet.FileUploadTests@66498326]" started-at="2022-08-10T22:56:24 CST" name="setUp" finished-at="2022-08-10T22:56:26 CST" duration-ms="1896" status="PASS">
          <params>
            <param index="0">
              <value>
                <![CDATA[public void com.herokuapp.theinternet.FileUploadTests.uploadWithDataProviderTest(int,java.lang.String)]]>
              </value>
            </param>
            <param index="1">
              <value>
                <![CDATA[Chrome]]>
              </value>
            </param>
            <param index="2">
              <value is-null="true"/>
            </param>
            <param index="3">
              <value>
                <![CDATA[org.testng.TestRunner@4b09d1c3]]>
              </value>
            </param>
          </params>
          <reporter-output>
          </reporter-output>
        </test-method> <!-- setUp -->
        <test-method signature="uploadWithDataProviderTest(int,java.lang.String)[pri:2, instance:com.herokuapp.theinternet.FileUploadTests@66498326]" started-at="2022-08-10T22:56:26 CST" name="uploadWithDataProviderTest" data-provider="Files" finished-at="2022-08-10T22:56:34 CST" duration-ms="8290" status="PASS">
          <params>
            <param index="0">
              <value>
                <![CDATA[1]]>
              </value>
            </param>
            <param index="1">
              <value>
                <![CDATA[Moscato.jpg]]>
              </value>
            </param>
          </params>
          <reporter-output>
          </reporter-output>
        </test-method> <!-- uploadWithDataProviderTest -->
        <test-method is-config="true" signature="closeBrowser()[pri:0, instance:com.herokuapp.theinternet.FileUploadTests@66498326]" started-at="2022-08-10T22:56:34 CST" name="closeBrowser" finished-at="2022-08-10T22:56:35 CST" duration-ms="313" status="PASS">
          <reporter-output>
          </reporter-output>
        </test-method> <!-- closeBrowser -->
        <test-method is-config="true" signature="setUp(java.lang.reflect.Method,java.lang.String,java.lang.String,org.testng.ITestContext)[pri:0, instance:com.herokuapp.theinternet.FileUploadTests@66498326]" started-at="2022-08-10T22:56:35 CST" name="setUp" finished-at="2022-08-10T22:56:36 CST" duration-ms="1035" status="PASS">
          <params>
            <param index="0">
              <value>
                <![CDATA[public void com.herokuapp.theinternet.FileUploadTests.uploadWithDataProviderTest(int,java.lang.String)]]>
              </value>
            </param>
            <param index="1">
              <value>
                <![CDATA[Chrome]]>
              </value>
            </param>
            <param index="2">
              <value is-null="true"/>
            </param>
            <param index="3">
              <value>
                <![CDATA[org.testng.TestRunner@4b09d1c3]]>
              </value>
            </param>
          </params>
          <reporter-output>
          </reporter-output>
        </test-method> <!-- setUp -->
        <test-method signature="uploadWithDataProviderTest(int,java.lang.String)[pri:2, instance:com.herokuapp.theinternet.FileUploadTests@66498326]" started-at="2022-08-10T22:56:36 CST" name="uploadWithDataProviderTest" data-provider="Files" finished-at="2022-08-10T22:56:48 CST" duration-ms="12262" status="PASS">
          <params>
            <param index="0">
              <value>
                <![CDATA[2]]>
              </value>
            </param>
            <param index="1">
              <value>
                <![CDATA[sampletxt.txt]]>
              </value>
            </param>
          </params>
          <reporter-output>
          </reporter-output>
        </test-method> <!-- uploadWithDataProviderTest -->
        <test-method is-config="true" signature="closeBrowser()[pri:0, instance:com.herokuapp.theinternet.FileUploadTests@66498326]" started-at="2022-08-10T22:56:48 CST" name="closeBrowser" finished-at="2022-08-10T22:56:48 CST" duration-ms="407" status="PASS">
          <reporter-output>
          </reporter-output>
        </test-method> <!-- closeBrowser -->
        <test-method is-config="true" signature="setUp(java.lang.reflect.Method,java.lang.String,java.lang.String,org.testng.ITestContext)[pri:0, instance:com.herokuapp.theinternet.FileUploadTests@66498326]" started-at="2022-08-10T22:56:48 CST" name="setUp" finished-at="2022-08-10T22:56:50 CST" duration-ms="1417" status="PASS">
          <params>
            <param index="0">
              <value>
                <![CDATA[public void com.herokuapp.theinternet.FileUploadTests.inputListTest(java.lang.String,java.lang.String)]]>
              </value>
            </param>
            <param index="1">
              <value>
                <![CDATA[Chrome]]>
              </value>
            </param>
            <param index="2">
              <value is-null="true"/>
            </param>
            <param index="3">
              <value>
                <![CDATA[org.testng.TestRunner@4b09d1c3]]>
              </value>
            </param>
          </params>
          <reporter-output>
          </reporter-output>
        </test-method> <!-- setUp -->
        <test-method signature="inputListTest(java.lang.String,java.lang.String)[pri:3, instance:com.herokuapp.theinternet.FileUploadTests@66498326]" started-at="2022-08-10T22:56:50 CST" name="inputListTest" data-provider="inputValues" finished-at="2022-08-10T22:56:50 CST" duration-ms="3" status="PASS">
          <params>
            <param index="0">
              <value>
                <![CDATA[ronna1]]>
              </value>
            </param>
            <param index="1">
              <value>
                <![CDATA[A]]>
              </value>
            </param>
          </params>
          <reporter-output>
          </reporter-output>
        </test-method> <!-- inputListTest -->
        <test-method is-config="true" signature="closeBrowser()[pri:0, instance:com.herokuapp.theinternet.FileUploadTests@66498326]" started-at="2022-08-10T22:56:50 CST" name="closeBrowser" finished-at="2022-08-10T22:56:50 CST" duration-ms="526" status="PASS">
          <reporter-output>
          </reporter-output>
        </test-method> <!-- closeBrowser -->
        <test-method is-config="true" signature="setUp(java.lang.reflect.Method,java.lang.String,java.lang.String,org.testng.ITestContext)[pri:0, instance:com.herokuapp.theinternet.FileUploadTests@66498326]" started-at="2022-08-10T22:56:50 CST" name="setUp" finished-at="2022-08-10T22:56:52 CST" duration-ms="1536" status="PASS">
          <params>
            <param index="0">
              <value>
                <![CDATA[public void com.herokuapp.theinternet.FileUploadTests.inputListTest(java.lang.String,java.lang.String)]]>
              </value>
            </param>
            <param index="1">
              <value>
                <![CDATA[Chrome]]>
              </value>
            </param>
            <param index="2">
              <value is-null="true"/>
            </param>
            <param index="3">
              <value>
                <![CDATA[org.testng.TestRunner@4b09d1c3]]>
              </value>
            </param>
          </params>
          <reporter-output>
          </reporter-output>
        </test-method> <!-- setUp -->
        <test-method signature="inputListTest(java.lang.String,java.lang.String)[pri:3, instance:com.herokuapp.theinternet.FileUploadTests@66498326]" started-at="2022-08-10T22:56:52 CST" name="inputListTest" data-provider="inputValues" finished-at="2022-08-10T22:56:52 CST" duration-ms="9" status="PASS">
          <params>
            <param index="0">
              <value>
                <![CDATA[ronna2]]>
              </value>
            </param>
            <param index="1">
              <value>
                <![CDATA[B]]>
              </value>
            </param>
          </params>
          <reporter-output>
          </reporter-output>
        </test-method> <!-- inputListTest -->
        <test-method is-config="true" signature="closeBrowser()[pri:0, instance:com.herokuapp.theinternet.FileUploadTests@66498326]" started-at="2022-08-10T22:56:52 CST" name="closeBrowser" finished-at="2022-08-10T22:56:52 CST" duration-ms="397" status="PASS">
          <reporter-output>
          </reporter-output>
        </test-method> <!-- closeBrowser -->
        <test-method is-config="true" signature="setUp(java.lang.reflect.Method,java.lang.String,java.lang.String,org.testng.ITestContext)[pri:0, instance:com.herokuapp.theinternet.FileUploadTests@66498326]" started-at="2022-08-10T22:56:52 CST" name="setUp" finished-at="2022-08-10T22:56:54 CST" duration-ms="1730" status="PASS">
          <params>
            <param index="0">
              <value>
                <![CDATA[public void com.herokuapp.theinternet.FileUploadTests.inputListTest(java.lang.String,java.lang.String)]]>
              </value>
            </param>
            <param index="1">
              <value>
                <![CDATA[Chrome]]>
              </value>
            </param>
            <param index="2">
              <value is-null="true"/>
            </param>
            <param index="3">
              <value>
                <![CDATA[org.testng.TestRunner@4b09d1c3]]>
              </value>
            </param>
          </params>
          <reporter-output>
          </reporter-output>
        </test-method> <!-- setUp -->
        <test-method signature="inputListTest(java.lang.String,java.lang.String)[pri:3, instance:com.herokuapp.theinternet.FileUploadTests@66498326]" started-at="2022-08-10T22:56:54 CST" name="inputListTest" data-provider="inputValues" finished-at="2022-08-10T22:56:54 CST" duration-ms="11" status="PASS">
          <params>
            <param index="0">
              <value>
                <![CDATA[ronna3]]>
              </value>
            </param>
            <param index="1">
              <value>
                <![CDATA[C]]>
              </value>
            </param>
          </params>
          <reporter-output>
          </reporter-output>
        </test-method> <!-- inputListTest -->
        <test-method is-config="true" signature="closeBrowser()[pri:0, instance:com.herokuapp.theinternet.FileUploadTests@66498326]" started-at="2022-08-10T22:56:54 CST" name="closeBrowser" finished-at="2022-08-10T22:56:54 CST" duration-ms="304" status="PASS">
          <reporter-output>
          </reporter-output>
        </test-method> <!-- closeBrowser -->
      </class> <!-- com.herokuapp.theinternet.FileUploadTests -->
    </test> <!-- FileUploadTests -->
    <test started-at="2022-08-10T22:56:54 CST" name="MySqlTests" finished-at="2022-08-10T22:57:01 CST" duration-ms="6611">
      <class name="com.herokuapp.theinternet.MySqlTests">
        <test-method is-config="true" signature="setUp(java.lang.reflect.Method,java.lang.String,java.lang.String,org.testng.ITestContext)[pri:0, instance:com.herokuapp.theinternet.MySqlTests@a2431d0]" started-at="2022-08-10T22:56:54 CST" name="setUp" finished-at="2022-08-10T22:56:56 CST" duration-ms="1975" status="PASS">
          <params>
            <param index="0">
              <value>
                <![CDATA[public void com.herokuapp.theinternet.MySqlTests.sqlTest()]]>
              </value>
            </param>
            <param index="1">
              <value>
                <![CDATA[Chrome]]>
              </value>
            </param>
            <param index="2">
              <value is-null="true"/>
            </param>
            <param index="3">
              <value>
                <![CDATA[org.testng.TestRunner@18811c42]]>
              </value>
            </param>
          </params>
          <reporter-output>
          </reporter-output>
        </test-method> <!-- setUp -->
        <test-method signature="sqlTest()[pri:0, instance:com.herokuapp.theinternet.MySqlTests@a2431d0]" started-at="2022-08-10T22:56:56 CST" name="sqlTest" finished-at="2022-08-10T22:57:01 CST" duration-ms="4328" status="PASS">
          <reporter-output>
          </reporter-output>
        </test-method> <!-- sqlTest -->
        <test-method is-config="true" signature="closeBrowser()[pri:0, instance:com.herokuapp.theinternet.MySqlTests@a2431d0]" started-at="2022-08-10T22:57:01 CST" name="closeBrowser" finished-at="2022-08-10T22:57:01 CST" duration-ms="303" status="PASS">
          <reporter-output>
          </reporter-output>
        </test-method> <!-- closeBrowser -->
      </class> <!-- com.herokuapp.theinternet.MySqlTests -->
    </test> <!-- MySqlTests -->
    <test started-at="2022-08-10T22:57:01 CST" name="CalendarTests" finished-at="2022-08-10T22:57:33 CST" duration-ms="31833">
      <class name="com.herokuapp.theinternet.CalendarTests">
        <test-method is-config="true" signature="setUp(java.lang.reflect.Method,java.lang.String,java.lang.String,org.testng.ITestContext)[pri:0, instance:com.herokuapp.theinternet.CalendarTests@15bbf42f]" started-at="2022-08-10T22:57:01 CST" name="setUp" finished-at="2022-08-10T22:57:02 CST" duration-ms="1474" status="PASS">
          <params>
            <param index="0">
              <value>
                <![CDATA[public void com.herokuapp.theinternet.CalendarTests.selectDateFromDefault()]]>
              </value>
            </param>
            <param index="1">
              <value>
                <![CDATA[Chrome]]>
              </value>
            </param>
            <param index="2">
              <value is-null="true"/>
            </param>
            <param index="3">
              <value>
                <![CDATA[org.testng.TestRunner@627acb38]]>
              </value>
            </param>
          </params>
          <reporter-output>
          </reporter-output>
        </test-method> <!-- setUp -->
        <test-method signature="selectDateFromDefault()[pri:1, instance:com.herokuapp.theinternet.CalendarTests@15bbf42f]" started-at="2022-08-10T22:57:02 CST" name="selectDateFromDefault" finished-at="2022-08-10T22:57:15 CST" duration-ms="12304" status="PASS">
          <reporter-output>
          </reporter-output>
        </test-method> <!-- selectDateFromDefault -->
        <test-method is-config="true" signature="closeBrowser()[pri:0, instance:com.herokuapp.theinternet.CalendarTests@15bbf42f]" started-at="2022-08-10T22:57:15 CST" name="closeBrowser" finished-at="2022-08-10T22:57:16 CST" duration-ms="889" status="PASS">
          <reporter-output>
          </reporter-output>
        </test-method> <!-- closeBrowser -->
        <test-method is-config="true" signature="setUp(java.lang.reflect.Method,java.lang.String,java.lang.String,org.testng.ITestContext)[pri:0, instance:com.herokuapp.theinternet.CalendarTests@15bbf42f]" started-at="2022-08-10T22:57:16 CST" name="setUp" finished-at="2022-08-10T22:57:18 CST" duration-ms="2010" status="PASS">
          <params>
            <param index="0">
              <value>
                <![CDATA[public void com.herokuapp.theinternet.CalendarTests.selectDateFromDecember()]]>
              </value>
            </param>
            <param index="1">
              <value>
                <![CDATA[Chrome]]>
              </value>
            </param>
            <param index="2">
              <value is-null="true"/>
            </param>
            <param index="3">
              <value>
                <![CDATA[org.testng.TestRunner@627acb38]]>
              </value>
            </param>
          </params>
          <reporter-output>
          </reporter-output>
        </test-method> <!-- setUp -->
        <test-method signature="selectDateFromDecember()[pri:2, instance:com.herokuapp.theinternet.CalendarTests@15bbf42f]" started-at="2022-08-10T22:57:18 CST" name="selectDateFromDecember" finished-at="2022-08-10T22:57:31 CST" duration-ms="13157" status="PASS">
          <reporter-output>
          </reporter-output>
        </test-method> <!-- selectDateFromDecember -->
        <test-method is-config="true" signature="closeBrowser()[pri:0, instance:com.herokuapp.theinternet.CalendarTests@15bbf42f]" started-at="2022-08-10T22:57:31 CST" name="closeBrowser" finished-at="2022-08-10T22:57:33 CST" duration-ms="1993" status="PASS">
          <reporter-output>
          </reporter-output>
        </test-method> <!-- closeBrowser -->
      </class> <!-- com.herokuapp.theinternet.CalendarTests -->
    </test> <!-- CalendarTests -->
  </suite> <!-- SmokeTestSuite -->
</testng-results>
