<?xml version="1.0" encoding="UTF-8"?>
<!-- Generated by org.testng.reporters.JUnitXMLReporter -->
<testsuite ignored="1" hostname="DESKTOP-V4IS0Q1" failures="0" tests="2" name="FileUploadTests" time="22.572" errors="0" timestamp="2022-06-21T22:37:31 CST">
  <testcase classname="com.herokuapp.theinternet.FileUploadTests" name="uploadWithDataProviderTest" time="9.511"/>
  <testcase classname="com.herokuapp.theinternet.FileUploadTests" name="uploadWithDataProviderTest" time="8.663"/>
  <testcase classname="com.herokuapp.theinternet.FileUploadTests" name="imageUploadTest" time="0.0">
    <ignored/>
  </testcase> <!-- imageUploadTest -->
</testsuite> <!-- FileUploadTests -->
