<?xml version="1.0" encoding="UTF-8"?>
<!-- Generated by org.testng.reporters.JUnitXMLReporter -->
<testsuite ignored="1" hostname="DESKTOP-V4IS0Q1" failures="0" tests="1" name="InvalidUsernameTest" time="15.218" errors="0" timestamp="2022-06-15T20:05:28 CST">
  <testcase classname="com.herokuapp.theinternet.LoginTests" name="negativeLoginTest" time="9.804"/>
  <testcase classname="com.herokuapp.theinternet.LoginTests" name="positiveLoginTest" time="0.0">
    <ignored/>
  </testcase> <!-- positiveLoginTest -->
</testsuite> <!-- InvalidUsernameTest -->
