<?xml version="1.0" encoding="UTF-8"?>
<!-- Generated by org.testng.reporters.JUnitXMLReporter -->
<testsuite ignored="1" hostname="DESKTOP-V4IS0Q1" failures="0" tests="1" name="PositiveLoginTest" time="11.885" errors="0" timestamp="2022-06-15T20:05:13 CST">
  <testcase classname="com.herokuapp.theinternet.LoginTests" name="positiveLoginTest" time="7.974"/>
  <testcase classname="com.herokuapp.theinternet.LoginTests" name="negativeLoginTest" time="0.0">
    <ignored/>
  </testcase> <!-- negativeLoginTest -->
</testsuite> <!-- PositiveLoginTest -->
