<?xml version="1.0" encoding="UTF-8"?>
<!-- Generated by org.testng.reporters.JUnitXMLReporter -->
<testsuite ignored="0" hostname="DESKTOP-V4IS0Q1" failures="0" tests="2" name="JSErrorTests" time="16.164" errors="0" timestamp="2022-06-22T15:03:05 CST">
  <testcase classname="com.herokuapp.theinternet.KeyPressesTests" name="pressKeyTest" time="5.424"/>
  <testcase classname="com.herokuapp.theinternet.KeyPressesTests" name="pressKeyWithActionsTest" time="6.039"/>
</testsuite> <!-- JSErrorTests -->
